#
# There is insufficient memory for the Java Runtime Environment to continue.
# Native memory allocation (mmap) failed to map 132120576 bytes for G1 virtual space
# Possible reasons:
#   The system is out of physical RAM or swap space
#   The process is running with CompressedOops enabled, and the Java Heap may be blocking the growth of the native heap
# Possible solutions:
#   Reduce memory load on the system
#   Increase physical memory or swap space
#   Check if swap backing store is full
#   Decrease Java heap size (-Xmx/-Xms)
#   Decrease number of Java threads
#   Decrease Java thread stack sizes (-Xss)
#   Set larger code cache with -XX:ReservedCodeCacheSize=
#   JVM is running with Unscaled Compressed Oops mode in which the Java heap is
#     placed in the first 4GB address space. The Java Heap base address is the
#     maximum limit for the native heap growth. Please use -XX:HeapBaseMinAddress
#     to set the Java Heap base and to place the Java Heap above 4GB virtual address.
# This output file may be truncated or incomplete.
#
#  Out of Memory Error (os_windows.cpp:3548), pid=18744, tid=6480
#
# JRE version:  (17.0.10+11) (build )
# Java VM: Java HotSpot(TM) 64-Bit Server VM (17.0.10+11-LTS-240, mixed mode, sharing, tiered, compressed oops, compressed class ptrs, g1 gc, windows-amd64)
# No core dump will be written. Minidumps are not enabled by default on client versions of Windows
#

---------------  S U M M A R Y ------------

Command Line: com.mycompany.modul2_pemvis.FrameInput

Host: Intel(R) Core(TM) i3-10110U CPU @ 2.10GHz, 4 cores, 7G,  Windows 11 , 64 bit Build 22621 (10.0.22621.3958)
Time: Mon Sep 30 20:23:07 2024 SE Asia Standard Time elapsed time: 0.013899 seconds (0d 0h 0m 0s)

---------------  T H R E A D  ---------------

Current thread (0x000001b8a69c19b0):  JavaThread "Unknown thread" [_thread_in_vm, id=6480, stack(0x00000073fbb00000,0x00000073fbc00000)]

Stack: [0x00000073fbb00000,0x00000073fbc00000]
Native frames: (J=compiled Java code, j=interpreted, Vv=VM code, C=native code)
V  [jvm.dll+0x677a5a]
V  [jvm.dll+0x7d8b2d]
V  [jvm.dll+0x7da48e]
V  [jvm.dll+0x7daaf3]
V  [jvm.dll+0x2455ff]
V  [jvm.dll+0x6749b9]
V  [jvm.dll+0x669382]
V  [jvm.dll+0x302e96]
V  [jvm.dll+0x30a416]
V  [jvm.dll+0x359cbe]
V  [jvm.dll+0x359eef]
V  [jvm.dll+0x2d9e88]
V  [jvm.dll+0x2dadf4]
V  [jvm.dll+0x7aa551]
V  [jvm.dll+0x367911]
V  [jvm.dll+0x789639]
V  [jvm.dll+0x3eb30f]
V  [jvm.dll+0x3ecd91]
C  [jli.dll+0x5297]
C  [ucrtbase.dll+0x29333]
C  [KERNEL32.DLL+0x1257d]
C  [ntdll.dll+0x5af28]


---------------  P R O C E S S  ---------------

Threads class SMR info:
_java_thread_list=0x00007fff14ab6a18, length=0, elements={
}

Java Threads: ( => current thread )

Other Threads:
  0x000001b8a6a1bea0 GCTaskThread "GC Thread#0" [stack: 0x00000073fbc00000,0x00000073fbd00000] [id=12820]
  0x000001b8a6a2d8c0 ConcurrentGCThread "G1 Main Marker" [stack: 0x00000073fbd00000,0x00000073fbe00000] [id=22344]
  0x000001b8a6a2ea70 ConcurrentGCThread "G1 Conc#0" [stack: 0x00000073fbe00000,0x00000073fbf00000] [id=14888]

[error occurred during error reporting (printing all threads), id 0xc0000005, EXCEPTION_ACCESS_VIOLATION (0xc0000005) at pc=0x00007fff142eaae7]

VM state: not at safepoint (not fully initialized)

VM Mutex/Monitor currently owned by a thread:  ([mutex/lock_event])
[0x000001b8a69bdbc0] Heap_lock - owner thread: 0x000001b8a69c19b0

Heap address: 0x0000000082a00000, size: 2006 MB, Compressed Oops mode: 32-bit

CDS archive(s) mapped at: [0x0000000000000000-0x0000000000000000-0x0000000000000000), size 0, SharedBaseAddress: 0x0000000800000000, ArchiveRelocationMode: 1.
Narrow klass base: 0x0000000000000000, Narrow klass shift: 0, Narrow klass range: 0x0

GC Precious Log:
<Empty>

Heap:
 garbage-first heap   total 0K, used 0K [0x0000000082a00000, 0x0000000100000000)
  region size 1024K, 0 young (0K), 0 survivors (0K)

[error occurred during error reporting (printing heap information), id 0xc0000005, EXCEPTION_ACCESS_VIOLATION (0xc0000005) at pc=0x00007fff146d1249]

GC Heap History (0 events):
No events

Deoptimization events (0 events):
No events

Classes unloaded (0 events):
No events

Classes redefined (0 events):
No events

Internal exceptions (0 events):
No events

VM Operations (0 events):
No events

Events (1 events):
Event: 0.009 Loaded shared library C:\Program Files\Java\jdk-17\bin\java.dll


Dynamic libraries:
0x00007ff69c730000 - 0x00007ff69c740000 	C:\Program Files\Java\jdk-17\bin\java.exe
0x00007fff79750000 - 0x00007fff79967000 	C:\WINDOWS\SYSTEM32\ntdll.dll
0x00007fff783e0000 - 0x00007fff784a4000 	C:\WINDOWS\System32\KERNEL32.DLL
0x00007fff76e10000 - 0x00007fff771bd000 	C:\WINDOWS\System32\KERNELBASE.dll
0x00007fff76b60000 - 0x00007fff76c71000 	C:\WINDOWS\System32\ucrtbase.dll
0x00007fff55b30000 - 0x00007fff55b49000 	C:\Program Files\Java\jdk-17\bin\jli.dll
0x00007fff79650000 - 0x00007fff79702000 	C:\WINDOWS\System32\ADVAPI32.dll
0x00007fff288b0000 - 0x00007fff288cb000 	C:\Program Files\Java\jdk-17\bin\VCRUNTIME140.dll
0x00007fff789a0000 - 0x00007fff78a47000 	C:\WINDOWS\System32\msvcrt.dll
0x00007fff78ab0000 - 0x00007fff78b59000 	C:\WINDOWS\System32\sechost.dll
0x00007fff76a70000 - 0x00007fff76a98000 	C:\WINDOWS\System32\bcrypt.dll
0x00007fff77a20000 - 0x00007fff77b34000 	C:\WINDOWS\System32\RPCRT4.dll
0x00007fff79160000 - 0x00007fff7930e000 	C:\WINDOWS\System32\USER32.dll
0x00007fff77240000 - 0x00007fff77266000 	C:\WINDOWS\System32\win32u.dll
0x00007fff64f30000 - 0x00007fff651c3000 	C:\WINDOWS\WinSxS\amd64_microsoft.windows.common-controls_6595b64144ccf1df_6.0.22621.3672_none_2713b9d173822955\COMCTL32.dll
0x00007fff77b40000 - 0x00007fff77b69000 	C:\WINDOWS\System32\GDI32.dll
0x00007fff76c80000 - 0x00007fff76d99000 	C:\WINDOWS\System32\gdi32full.dll
0x00007fff77270000 - 0x00007fff7730a000 	C:\WINDOWS\System32\msvcp_win.dll
0x00007fff720c0000 - 0x00007fff720ca000 	C:\WINDOWS\SYSTEM32\VERSION.dll
0x00007fff784b0000 - 0x00007fff784e1000 	C:\WINDOWS\System32\IMM32.DLL
0x00007fff4e430000 - 0x00007fff4e43c000 	C:\Program Files\Java\jdk-17\bin\vcruntime140_1.dll
0x00007fff14cb0000 - 0x00007fff14d3e000 	C:\Program Files\Java\jdk-17\bin\msvcp140.dll
0x00007fff14000000 - 0x00007fff14bdf000 	C:\Program Files\Java\jdk-17\bin\server\jvm.dll
0x00007fff78970000 - 0x00007fff78978000 	C:\WINDOWS\System32\PSAPI.DLL
0x00007fff72240000 - 0x00007fff72274000 	C:\WINDOWS\SYSTEM32\WINMM.dll
0x00007fff4f810000 - 0x00007fff4f819000 	C:\WINDOWS\SYSTEM32\WSOCK32.dll
0x00007fff78d40000 - 0x00007fff78db1000 	C:\WINDOWS\System32\WS2_32.dll
0x00007fff75ac0000 - 0x00007fff75ad8000 	C:\WINDOWS\SYSTEM32\kernel.appcore.dll
0x00007fff4e380000 - 0x00007fff4e38a000 	C:\Program Files\Java\jdk-17\bin\jimage.dll
0x00007fff74580000 - 0x00007fff747b2000 	C:\WINDOWS\SYSTEM32\DBGHELP.DLL
0x00007fff78dc0000 - 0x00007fff7914e000 	C:\WINDOWS\System32\combase.dll
0x00007fff78c60000 - 0x00007fff78d37000 	C:\WINDOWS\System32\OLEAUT32.dll
0x00007fff5c470000 - 0x00007fff5c4a2000 	C:\WINDOWS\SYSTEM32\dbgcore.DLL
0x00007fff771c0000 - 0x00007fff7723b000 	C:\WINDOWS\System32\bcryptPrimitives.dll
0x00007fff23450000 - 0x00007fff23475000 	C:\Program Files\Java\jdk-17\bin\java.dll

dbghelp: loaded successfully - version: 4.0.5 - missing functions: none
symbol engine: initialized successfully - sym options: 0x614 - pdb path: .;C:\Program Files\Java\jdk-17\bin;C:\WINDOWS\SYSTEM32;C:\WINDOWS\WinSxS\amd64_microsoft.windows.common-controls_6595b64144ccf1df_6.0.22621.3672_none_2713b9d173822955;C:\Program Files\Java\jdk-17\bin\server

VM Arguments:
java_command: com.mycompany.modul2_pemvis.FrameInput
java_class_path (initial): D:\PROGRAM\Modul2_Pemvis\target\classes;C:\Users\engko\.m2\repository\org\netbeans\external\AbsoluteLayout\RELEASE140\AbsoluteLayout-RELEASE140.jar
Launcher Type: SUN_STANDARD

[Global flags]
     intx CICompilerCount                          = 3                                         {product} {ergonomic}
     uint ConcGCThreads                            = 1                                         {product} {ergonomic}
     uint G1ConcRefinementThreads                  = 4                                         {product} {ergonomic}
   size_t G1HeapRegionSize                         = 1048576                                   {product} {ergonomic}
    uintx GCDrainStackTargetSize                   = 64                                        {product} {ergonomic}
   size_t InitialHeapSize                          = 132120576                                 {product} {ergonomic}
   size_t MarkStackSize                            = 4194304                                   {product} {ergonomic}
   size_t MaxHeapSize                              = 2103443456                                {product} {ergonomic}
   size_t MinHeapDeltaBytes                        = 1048576                                   {product} {ergonomic}
   size_t MinHeapSize                              = 8388608                                   {product} {ergonomic}
    uintx NonNMethodCodeHeapSize                   = 5832780                                {pd product} {ergonomic}
    uintx NonProfiledCodeHeapSize                  = 122912730                              {pd product} {ergonomic}
    uintx ProfiledCodeHeapSize                     = 122912730                              {pd product} {ergonomic}
    uintx ReservedCodeCacheSize                    = 251658240                              {pd product} {ergonomic}
     bool SegmentedCodeCache                       = true                                      {product} {ergonomic}
   size_t SoftMaxHeapSize                          = 2103443456                             {manageable} {ergonomic}
     bool UseCompressedClassPointers               = true                           {product lp64_product} {ergonomic}
     bool UseCompressedOops                        = true                           {product lp64_product} {ergonomic}
     bool UseG1GC                                  = true                                      {product} {ergonomic}
     bool UseLargePagesIndividualAllocation        = false                                  {pd product} {ergonomic}

Logging:
Log output configuration:
 #0: stdout all=warning uptime,level,tags
 #1: stderr all=off uptime,level,tags

Environment Variables:
JAVA_HOME=C:\Program Files\Java\jdk-17
PATH=C:\Program Files\Common Files\Oracle\Java\javapath;C:\WINDOWS\system32;C:\WINDOWS;C:\WINDOWS\System32\Wbem;C:\WINDOWS\System32\WindowsPowerShell\v1.0\;C:\WINDOWS\System32\OpenSSH\;C:\Program Files\Git\cmd;C:\Program Files\nodejs\;C:\Users\engko\AppData\Local\Programs\Python\Python311\Scripts\;C:\Users\engko\AppData\Local\Programs\Python\Python311\;C:\Users\engko\AppData\Local\Microsoft\WindowsApps;C:\Users\engko\AppData\Local\Programs\Microsoft VS Code\bin;C:\Users\engko\AppData\Local\gitkraken\bin;C:\Users\engko\AppData\Roaming\npm;C:\Program Files\nodejs\;
USERNAME=engko
OS=Windows_NT
PROCESSOR_IDENTIFIER=Intel64 Family 6 Model 142 Stepping 12, GenuineIntel



---------------  S Y S T E M  ---------------

OS:
 Windows 11 , 64 bit Build 22621 (10.0.22621.3958)
OS uptime: 14 days 4:09 hours

CPU: total 4 (initial active 4) (2 cores per cpu, 2 threads per core) family 6 model 142 stepping 12 microcode 0xde, cx8, cmov, fxsr, ht, mmx, 3dnowpref, sse, sse2, sse3, ssse3, sse4.1, sse4.2, popcnt, lzcnt, tsc, tscinvbit, avx, avx2, aes, erms, clmul, bmi1, bmi2, adx, fma, vzeroupper, clflush, clflushopt

Memory: 4k page, system-wide physical 8017M (974M free)
TotalPageFile size 11324M (AvailPageFile size 128M)
current process WorkingSet (physical memory assigned to process): 11M, peak: 11M
current process commit charge ("private bytes"): 52M, peak: 178M

vm_info: Java HotSpot(TM) 64-Bit Server VM (17.0.10+11-LTS-240) for windows-amd64 JRE (17.0.10+11-LTS-240), built on Dec 19 2023 21:47:25 by "mach5one" with MS VC++ 17.1 (VS2022)

END.
